<?xml version="1.0" encoding="UTF-8"?>
<!-- Generated by org.testng.reporters.JUnitReportReporter -->
<testsuite hostname="DESKTOP-1GHGJJS" failures="0" tests="1" name="cars.FerrariTest" time="11.947" errors="0" timestamp="2024-07-30T17:27:02 IST" skipped="0">
  <testcase classname="cars.FerrariTest" name="launch" time="11.947"/>
  <system-out>
    <![CDATA[ferrari launched successfully]]>
  </system-out>
</testsuite> <!-- cars.FerrariTest -->
