<?xml version="1.0" encoding="UTF-8"?>
<!-- Generated by org.testng.reporters.JUnitReportReporter -->
<testsuite hostname="DESKTOP-1GHGJJS" failures="0" tests="1" name="cars.LamborghiniTest" time="20.386" errors="0" timestamp="2024-07-30T17:27:02 IST" skipped="0">
  <testcase classname="cars.LamborghiniTest" name="launch" time="20.386"/>
  <system-out>
    <![CDATA[lamborghini launched successfully]]>
  </system-out>
</testsuite> <!-- cars.LamborghiniTest -->
