<?xml version="1.0" encoding="UTF-8"?>
<!-- Generated by org.testng.reporters.JUnitReportReporter -->
<testsuite hostname="DESKTOP-1GHGJJS" failures="0" tests="2" name="demo.Data_Provider" time="26.177" errors="0" timestamp="2024-08-01T21:42:48 IST" skipped="0">
  <testcase classname="demo.Data_Provider" name="login" time="10.129"/>
  <system-out/>
  <testcase classname="demo.Data_Provider" name="login" time="16.048"/>
  <system-out/>
</testsuite> <!-- demo.Data_Provider -->
